Using pre-set license
Built from '2020.3/staging' branch; Version is '2020.3.4f1 (0abb6314276a) revision 703331'; Using compiler version '192528614'; Build Type 'Release'
OS: 'Windows 10 Pro; OS build 19043.1348; Version 2009; 64bit' Language: 'en' Physical Memory: 32547 MB
BatchMode: 1, IsHumanControllingUs: 0, StartBugReporterOnCrash: 0, Is64bit: 1, IsPro: 0

 COMMAND LINE ARGUMENTS:
C:\Program Files\Unity\Editor\Unity.exe
-adb2
-batchMode
-noUpm
-name
AssetImportWorker0
-projectPath
D:/WaterDrop
-logFile
Logs/AssetImportWorker0.log
-srvPort
55159
Successfully changed project path to: D:/WaterDrop
D:/WaterDrop
Using Asset Import Pipeline V2.
Refreshing native plugins compatible for Editor in 35.16 ms, found 0 plugins.
Preloading 0 native plugins for Editor in 0.00 ms.
Initialize engine version: 2020.3.4f1 (0abb6314276a)
[Subsystems] Discovering subsystems at path C:/Program Files/Unity/Editor/Data/Resources/UnitySubsystems
[Subsystems] Discovering subsystems at path D:/WaterDrop/Assets
GfxDevice: creating device client; threaded=0
Direct3D:
    Version:  Direct3D 11.0 [level 11.1]
    Renderer: NVIDIA GeForce RTX 3050 Ti Laptop GPU (ID=0x25a0)
    Vendor:   
    VRAM:     3990 MB
    Driver:   27.21.14.6275
Shader 'Universal Render Pipeline/Particles/Lit': fallback shader 'Universal Render Pipeline/Particles/SimpleLit' not found
Initialize mono
Mono path[0] = 'C:/Program Files/Unity/Editor/Data/Managed'
Mono path[1] = 'C:/Program Files/Unity/Editor/Data/MonoBleedingEdge/lib/mono/unityjit'
Mono config path = 'C:/Program Files/Unity/Editor/Data/MonoBleedingEdge/etc'
Using monoOptions --debugger-agent=transport=dt_socket,embedding=1,server=y,suspend=n,address=127.0.0.1:56988
Begin MonoManager ReloadAssembly
Registering precompiled unity dll's ...
Register platform support module: C:/Program Files/Unity/Editor/Data/PlaybackEngines/WindowsStandaloneSupport/UnityEditor.WindowsStandalone.Extensions.dll
Registered in 0.001118 seconds.
Native extension for WindowsStandalone target not found
Refreshing native plugins compatible for Editor in 35.17 ms, found 0 plugins.
Preloading 0 native plugins for Editor in 0.00 ms.
Mono: successfully reloaded assembly
- Completed reload, in  0.794 seconds
Platform modules already initialized, skipping
Registering precompiled user dll's ...
Registered in 0.000722 seconds.
Begin MonoManager ReloadAssembly
Native extension for WindowsStandalone target not found
Refreshing native plugins compatible for Editor in 35.56 ms, found 0 plugins.
Preloading 0 native plugins for Editor in 0.00 ms.
Mono: successfully reloaded assembly
- Completed reload, in  0.745 seconds
Platform modules already initialized, skipping
========================================================================
Worker process is ready to serve import requests
Shader 'Universal Render Pipeline/Particles/Lit': fallback shader 'Universal Render Pipeline/Particles/SimpleLit' not found
Launched and connected shader compiler UnityShaderCompiler.exe after 0.03 seconds
Refreshing native plugins compatible for Editor in 0.59 ms, found 0 plugins.
Preloading 0 native plugins for Editor in 0.00 ms.
Unloading 2541 Unused Serialized files (Serialized files now loaded: 0)
System memory in use before: 125.6 MB.
System memory in use after: 125.7 MB.

Unloading 11 unused Assets to reduce memory usage. Loaded Objects now: 2989.
Total: 2.578600 ms (FindLiveObjects: 0.176500 ms CreateObjectMapping: 0.058500 ms MarkObjects: 2.249500 ms  DeleteObjects: 0.093400 ms)

========================================================================
Received Import Request.
  path: Assets/Materials/Drop.mat
  artifactKey: Guid(919aa75990ba37e4cb192bba68d04c70) Importer(815301076,1909f56bfc062723c751e8b465ee728b)
Start importing Assets/Materials/Drop.mat using Guid(919aa75990ba37e4cb192bba68d04c70) Importer(815301076,1909f56bfc062723c751e8b465ee728b)  -> (artifact id: '77450d859ae4b848a9d7b19f227eff3f') in 0.212172 seconds
  Import took 0.216019 seconds .

========================================================================
Received Import Request.
  Time since last request: 0.000348 seconds.
  path: Assets/Scenes/Prototype
  artifactKey: Guid(ca88de68ee505a24abe008c98eb2794c) Importer(815301076,1909f56bfc062723c751e8b465ee728b)
Start importing Assets/Scenes/Prototype using Guid(ca88de68ee505a24abe008c98eb2794c) Importer(815301076,1909f56bfc062723c751e8b465ee728b)  -> (artifact id: '7b2de61988a4df4d28f1232a8e0d7bd9') in 0.003857 seconds
  Import took 0.007034 seconds .

========================================================================
Received Import Request.
  Time since last request: 7.246543 seconds.
  path: Assets/Shaders/Drop.shadergraph
  artifactKey: Guid(d80d9c78afc8f7944a93db443c8d2983) Importer(815301076,1909f56bfc062723c751e8b465ee728b)
Start importing Assets/Shaders/Drop.shadergraph using Guid(d80d9c78afc8f7944a93db443c8d2983) Importer(815301076,1909f56bfc062723c751e8b465ee728b)  -> (artifact id: '4e1b301a9d5a202010a30105e7d0bdd4') in 0.003419 seconds
  Import took 0.006700 seconds .

========================================================================
Received Import Request.
  Time since last request: 0.319499 seconds.
  path: Assets/Shaders/Drop.shadergraph
  artifactKey: Guid(d80d9c78afc8f7944a93db443c8d2983) Importer(815301076,1909f56bfc062723c751e8b465ee728b)
Start importing Assets/Shaders/Drop.shadergraph using Guid(d80d9c78afc8f7944a93db443c8d2983) Importer(815301076,1909f56bfc062723c751e8b465ee728b)  -> (artifact id: '4e1b301a9d5a202010a30105e7d0bdd4') in 0.002306 seconds
  Import took 0.005801 seconds .

========================================================================
Received Import Request.
  Time since last request: 3451.345135 seconds.
  path: Assets/Materials/Default.mat
  artifactKey: Guid(247678b7c094ff742a731bd2e5133fab) Importer(815301076,1909f56bfc062723c751e8b465ee728b)
Start importing Assets/Materials/Default.mat using Guid(247678b7c094ff742a731bd2e5133fab) Importer(815301076,1909f56bfc062723c751e8b465ee728b)  -> (artifact id: '59db8379dbed1e780cf9b027d2de1f84') in 0.019753 seconds
  Import took 0.024651 seconds .

========================================================================
Received Prepare
Registering precompiled user dll's ...
Registered in 0.000701 seconds.
Begin MonoManager ReloadAssembly
Native extension for WindowsStandalone target not found
Refreshing native plugins compatible for Editor in 0.39 ms, found 0 plugins.
Preloading 0 native plugins for Editor in 0.00 ms.
Mono: successfully reloaded assembly
- Completed reload, in  0.720 seconds
Platform modules already initialized, skipping
Shader 'Universal Render Pipeline/Particles/Lit': fallback shader 'Universal Render Pipeline/Particles/SimpleLit' not found
Refreshing native plugins compatible for Editor in 0.40 ms, found 0 plugins.
Preloading 0 native plugins for Editor in 0.00 ms.
Unloading 2404 Unused Serialized files (Serialized files now loaded: 0)
System memory in use before: 121.2 MB.
System memory in use after: 121.4 MB.

Unloading 6 unused Assets to reduce memory usage. Loaded Objects now: 3071.
Total: 1.871700 ms (FindLiveObjects: 0.251400 ms CreateObjectMapping: 0.060400 ms MarkObjects: 1.498200 ms  DeleteObjects: 0.061000 ms)

========================================================================
Received Prepare
Registering precompiled user dll's ...
Registered in 0.000797 seconds.
Begin MonoManager ReloadAssembly
Native extension for WindowsStandalone target not found
Refreshing native plugins compatible for Editor in 0.40 ms, found 0 plugins.
Preloading 0 native plugins for Editor in 0.00 ms.
Mono: successfully reloaded assembly
- Completed reload, in  0.684 seconds
Platform modules already initialized, skipping
Shader 'Universal Render Pipeline/Particles/Lit': fallback shader 'Universal Render Pipeline/Particles/SimpleLit' not found
Refreshing native plugins compatible for Editor in 0.39 ms, found 0 plugins.
Preloading 0 native plugins for Editor in 0.00 ms.
Unloading 2404 Unused Serialized files (Serialized files now loaded: 0)
System memory in use before: 121.2 MB.
System memory in use after: 121.4 MB.

Unloading 6 unused Assets to reduce memory usage. Loaded Objects now: 3074.
Total: 2.020000 ms (FindLiveObjects: 0.234700 ms CreateObjectMapping: 0.058500 ms MarkObjects: 1.662200 ms  DeleteObjects: 0.062700 ms)

========================================================================
Received Import Request.
  Time since last request: 331.883832 seconds.
  path: Assets/Important
  artifactKey: Guid(30817592aaf1df744ba097964e2f85a5) Importer(815301076,1909f56bfc062723c751e8b465ee728b)
Start importing Assets/Important using Guid(30817592aaf1df744ba097964e2f85a5) Importer(815301076,1909f56bfc062723c751e8b465ee728b)  -> (artifact id: 'e52daf27559cecb299fceadd91499141') in 0.009054 seconds
  Import took 0.012999 seconds .

========================================================================
Received Prepare
Registering precompiled user dll's ...
Registered in 0.000696 seconds.
Begin MonoManager ReloadAssembly
Native extension for WindowsStandalone target not found
Refreshing native plugins compatible for Editor in 0.40 ms, found 0 plugins.
Preloading 0 native plugins for Editor in 0.00 ms.
Mono: successfully reloaded assembly
- Completed reload, in  0.687 seconds
Platform modules already initialized, skipping
Shader 'Universal Render Pipeline/Particles/Lit': fallback shader 'Universal Render Pipeline/Particles/SimpleLit' not found
Refreshing native plugins compatible for Editor in 0.41 ms, found 0 plugins.
Preloading 0 native plugins for Editor in 0.00 ms.
Unloading 2404 Unused Serialized files (Serialized files now loaded: 0)
System memory in use before: 121.3 MB.
System memory in use after: 121.4 MB.

Unloading 6 unused Assets to reduce memory usage. Loaded Objects now: 3077.
Total: 2.111200 ms (FindLiveObjects: 0.209700 ms CreateObjectMapping: 0.061900 ms MarkObjects: 1.763500 ms  DeleteObjects: 0.074900 ms)

========================================================================
Received Prepare
Registering precompiled user dll's ...
Registered in 0.001724 seconds.
Begin MonoManager ReloadAssembly
Native extension for WindowsStandalone target not found
Refreshing native plugins compatible for Editor in 0.39 ms, found 0 plugins.
Preloading 0 native plugins for Editor in 0.00 ms.
Mono: successfully reloaded assembly
- Completed reload, in  0.678 seconds
Platform modules already initialized, skipping
Shader 'Universal Render Pipeline/Particles/Lit': fallback shader 'Universal Render Pipeline/Particles/SimpleLit' not found
Refreshing native plugins compatible for Editor in 0.39 ms, found 0 plugins.
Preloading 0 native plugins for Editor in 0.00 ms.
Unloading 2404 Unused Serialized files (Serialized files now loaded: 0)
System memory in use before: 121.3 MB.
System memory in use after: 121.5 MB.

Unloading 6 unused Assets to reduce memory usage. Loaded Objects now: 3080.
Total: 2.604000 ms (FindLiveObjects: 0.212700 ms CreateObjectMapping: 0.056700 ms MarkObjects: 2.247600 ms  DeleteObjects: 0.085500 ms)

========================================================================
Received Prepare
Registering precompiled user dll's ...
Registered in 0.001102 seconds.
Begin MonoManager ReloadAssembly
Native extension for WindowsStandalone target not found
Refreshing native plugins compatible for Editor in 0.60 ms, found 0 plugins.
Preloading 0 native plugins for Editor in 0.00 ms.
Mono: successfully reloaded assembly
- Completed reload, in  0.807 seconds
Platform modules already initialized, skipping
Shader 'Universal Render Pipeline/Particles/Lit': fallback shader 'Universal Render Pipeline/Particles/SimpleLit' not found
Refreshing native plugins compatible for Editor in 0.44 ms, found 0 plugins.
Preloading 0 native plugins for Editor in 0.00 ms.
Unloading 2404 Unused Serialized files (Serialized files now loaded: 0)
System memory in use before: 121.2 MB.
System memory in use after: 121.4 MB.

Unloading 6 unused Assets to reduce memory usage. Loaded Objects now: 3083.
Total: 3.398000 ms (FindLiveObjects: 0.568500 ms CreateObjectMapping: 0.142300 ms MarkObjects: 2.607500 ms  DeleteObjects: 0.078100 ms)

========================================================================
Received Prepare
Registering precompiled user dll's ...
Registered in 0.001005 seconds.
Begin MonoManager ReloadAssembly
Native extension for WindowsStandalone target not found
Refreshing native plugins compatible for Editor in 0.45 ms, found 0 plugins.
Preloading 0 native plugins for Editor in 0.00 ms.
Mono: successfully reloaded assembly
- Completed reload, in  0.823 seconds
Platform modules already initialized, skipping
Shader 'Universal Render Pipeline/Particles/Lit': fallback shader 'Universal Render Pipeline/Particles/SimpleLit' not found
Refreshing native plugins compatible for Editor in 0.42 ms, found 0 plugins.
Preloading 0 native plugins for Editor in 0.00 ms.
Unloading 2404 Unused Serialized files (Serialized files now loaded: 0)
System memory in use before: 121.3 MB.
System memory in use after: 121.5 MB.

Unloading 6 unused Assets to reduce memory usage. Loaded Objects now: 3086.
Total: 2.869900 ms (FindLiveObjects: 0.527600 ms CreateObjectMapping: 0.059500 ms MarkObjects: 2.176000 ms  DeleteObjects: 0.104500 ms)

========================================================================
Received Prepare
Registering precompiled user dll's ...
Registered in 0.000756 seconds.
Begin MonoManager ReloadAssembly
Native extension for WindowsStandalone target not found
Refreshing native plugins compatible for Editor in 0.41 ms, found 0 plugins.
Preloading 0 native plugins for Editor in 0.00 ms.
Mono: successfully reloaded assembly
- Completed reload, in  0.669 seconds
Platform modules already initialized, skipping
Shader 'Universal Render Pipeline/Particles/Lit': fallback shader 'Universal Render Pipeline/Particles/SimpleLit' not found
Refreshing native plugins compatible for Editor in 0.40 ms, found 0 plugins.
Preloading 0 native plugins for Editor in 0.00 ms.
Unloading 2404 Unused Serialized files (Serialized files now loaded: 0)
System memory in use before: 121.3 MB.
System memory in use after: 121.5 MB.

Unloading 6 unused Assets to reduce memory usage. Loaded Objects now: 3089.
Total: 3.472300 ms (FindLiveObjects: 0.292800 ms CreateObjectMapping: 0.137400 ms MarkObjects: 2.933700 ms  DeleteObjects: 0.106500 ms)

========================================================================
Received Prepare
Registering precompiled user dll's ...
Registered in 0.001002 seconds.
Begin MonoManager ReloadAssembly
Native extension for WindowsStandalone target not found
Refreshing native plugins compatible for Editor in 1.19 ms, found 0 plugins.
Preloading 0 native plugins for Editor in 0.00 ms.
Mono: successfully reloaded assembly
- Completed reload, in  0.787 seconds
Platform modules already initialized, skipping
Shader 'Universal Render Pipeline/Particles/Lit': fallback shader 'Universal Render Pipeline/Particles/SimpleLit' not found
Refreshing native plugins compatible for Editor in 0.40 ms, found 0 plugins.
Preloading 0 native plugins for Editor in 0.00 ms.
Unloading 2404 Unused Serialized files (Serialized files now loaded: 0)
System memory in use before: 121.3 MB.
System memory in use after: 121.5 MB.

Unloading 6 unused Assets to reduce memory usage. Loaded Objects now: 3092.
Total: 2.972300 ms (FindLiveObjects: 0.233300 ms CreateObjectMapping: 0.074000 ms MarkObjects: 2.552000 ms  DeleteObjects: 0.111500 ms)

========================================================================
Received Prepare
Registering precompiled user dll's ...
Registered in 0.000762 seconds.
Begin MonoManager ReloadAssembly
Native extension for WindowsStandalone target not found
Refreshing native plugins compatible for Editor in 0.40 ms, found 0 plugins.
Preloading 0 native plugins for Editor in 0.00 ms.
Mono: successfully reloaded assembly
- Completed reload, in  0.709 seconds
Platform modules already initialized, skipping
Shader 'Universal Render Pipeline/Particles/Lit': fallback shader 'Universal Render Pipeline/Particles/SimpleLit' not found
Refreshing native plugins compatible for Editor in 0.43 ms, found 0 plugins.
Preloading 0 native plugins for Editor in 0.00 ms.
Unloading 2404 Unused Serialized files (Serialized files now loaded: 0)
System memory in use before: 121.3 MB.
System memory in use after: 121.5 MB.

Unloading 6 unused Assets to reduce memory usage. Loaded Objects now: 3095.
Total: 2.647400 ms (FindLiveObjects: 0.235700 ms CreateObjectMapping: 0.048200 ms MarkObjects: 2.284300 ms  DeleteObjects: 0.068000 ms)

========================================================================
Received Prepare
Registering precompiled user dll's ...
Registered in 0.000905 seconds.
Begin MonoManager ReloadAssembly
Native extension for WindowsStandalone target not found
Refreshing native plugins compatible for Editor in 0.58 ms, found 0 plugins.
Preloading 0 native plugins for Editor in 0.00 ms.
Mono: successfully reloaded assembly
- Completed reload, in  0.780 seconds
Platform modules already initialized, skipping
Shader 'Universal Render Pipeline/Particles/Lit': fallback shader 'Universal Render Pipeline/Particles/SimpleLit' not found
Refreshing native plugins compatible for Editor in 0.60 ms, found 0 plugins.
Preloading 0 native plugins for Editor in 0.00 ms.
Unloading 2404 Unused Serialized files (Serialized files now loaded: 0)
System memory in use before: 121.2 MB.
System memory in use after: 121.4 MB.

Unloading 6 unused Assets to reduce memory usage. Loaded Objects now: 3098.
Total: 3.925000 ms (FindLiveObjects: 0.698000 ms CreateObjectMapping: 0.173700 ms MarkObjects: 2.964500 ms  DeleteObjects: 0.085200 ms)

========================================================================
Received Prepare
Registering precompiled user dll's ...
Registered in 0.000987 seconds.
Begin MonoManager ReloadAssembly
Native extension for WindowsStandalone target not found
Refreshing native plugins compatible for Editor in 0.42 ms, found 0 plugins.
Preloading 0 native plugins for Editor in 0.00 ms.
Mono: successfully reloaded assembly
- Completed reload, in  0.665 seconds
Platform modules already initialized, skipping
Shader 'Universal Render Pipeline/Particles/Lit': fallback shader 'Universal Render Pipeline/Particles/SimpleLit' not found
Refreshing native plugins compatible for Editor in 0.40 ms, found 0 plugins.
Preloading 0 native plugins for Editor in 0.00 ms.
Unloading 2404 Unused Serialized files (Serialized files now loaded: 0)
System memory in use before: 121.3 MB.
System memory in use after: 121.5 MB.

Unloading 6 unused Assets to reduce memory usage. Loaded Objects now: 3101.
Total: 2.290100 ms (FindLiveObjects: 0.265000 ms CreateObjectMapping: 0.086900 ms MarkObjects: 1.859100 ms  DeleteObjects: 0.078200 ms)

========================================================================
Received Prepare
Registering precompiled user dll's ...
Registered in 0.000806 seconds.
Begin MonoManager ReloadAssembly
Native extension for WindowsStandalone target not found
Refreshing native plugins compatible for Editor in 0.43 ms, found 0 plugins.
Preloading 0 native plugins for Editor in 0.00 ms.
Mono: successfully reloaded assembly
- Completed reload, in  0.651 seconds
Platform modules already initialized, skipping
Shader 'Universal Render Pipeline/Particles/Lit': fallback shader 'Universal Render Pipeline/Particles/SimpleLit' not found
Refreshing native plugins compatible for Editor in 0.42 ms, found 0 plugins.
Preloading 0 native plugins for Editor in 0.00 ms.
Unloading 2404 Unused Serialized files (Serialized files now loaded: 0)
System memory in use before: 121.3 MB.
System memory in use after: 121.5 MB.

Unloading 6 unused Assets to reduce memory usage. Loaded Objects now: 3104.
Total: 2.428800 ms (FindLiveObjects: 0.467600 ms CreateObjectMapping: 0.145400 ms MarkObjects: 1.754300 ms  DeleteObjects: 0.060800 ms)

========================================================================
Received Prepare
Registering precompiled user dll's ...
Registered in 0.001318 seconds.
Begin MonoManager ReloadAssembly
Native extension for WindowsStandalone target not found
Refreshing native plugins compatible for Editor in 0.54 ms, found 0 plugins.
Preloading 0 native plugins for Editor in 0.00 ms.
Mono: successfully reloaded assembly
- Completed reload, in  0.806 seconds
Platform modules already initialized, skipping
Shader 'Universal Render Pipeline/Particles/Lit': fallback shader 'Universal Render Pipeline/Particles/SimpleLit' not found
Refreshing native plugins compatible for Editor in 0.85 ms, found 0 plugins.
Preloading 0 native plugins for Editor in 0.00 ms.
Unloading 2404 Unused Serialized files (Serialized files now loaded: 0)
System memory in use before: 121.3 MB.
System memory in use after: 121.5 MB.

Unloading 6 unused Assets to reduce memory usage. Loaded Objects now: 3107.
Total: 3.173500 ms (FindLiveObjects: 0.345600 ms CreateObjectMapping: 0.097300 ms MarkObjects: 2.608400 ms  DeleteObjects: 0.119700 ms)

========================================================================
Received Import Request.
  Time since last request: 4101.678580 seconds.
  path: Assets/Scenes/SampleScene.unity
  artifactKey: Guid(9fc0d4010bbf28b4594072e72b8655ab) Importer(815301076,1909f56bfc062723c751e8b465ee728b)
Start importing Assets/Scenes/SampleScene.unity using Guid(9fc0d4010bbf28b4594072e72b8655ab) Importer(815301076,1909f56bfc062723c751e8b465ee728b)  -> (artifact id: '7323cf1682089fa7309b279cc6e945ad') in 0.028798 seconds
  Import took 0.035076 seconds .

========================================================================
Received Prepare
Registering precompiled user dll's ...
Registered in 0.001429 seconds.
Begin MonoManager ReloadAssembly
Native extension for WindowsStandalone target not found
Refreshing native plugins compatible for Editor in 0.69 ms, found 0 plugins.
Preloading 0 native plugins for Editor in 0.00 ms.
Mono: successfully reloaded assembly
- Completed reload, in  0.827 seconds
Platform modules already initialized, skipping
Shader 'Universal Render Pipeline/Particles/Lit': fallback shader 'Universal Render Pipeline/Particles/SimpleLit' not found
Refreshing native plugins compatible for Editor in 0.56 ms, found 0 plugins.
Preloading 0 native plugins for Editor in 0.00 ms.
Unloading 2404 Unused Serialized files (Serialized files now loaded: 0)
System memory in use before: 121.4 MB.
System memory in use after: 121.5 MB.

Unloading 6 unused Assets to reduce memory usage. Loaded Objects now: 3110.
Total: 2.310900 ms (FindLiveObjects: 0.275300 ms CreateObjectMapping: 0.081900 ms MarkObjects: 1.869300 ms  DeleteObjects: 0.083300 ms)

========================================================================
Received Import Request.
  Time since last request: 4283.118748 seconds.
  path: Assets/Scripts/Drop.cs
  artifactKey: Guid(5d333bfabef6a71449ea3f85ebf2201b) Importer(815301076,1909f56bfc062723c751e8b465ee728b)
Start importing Assets/Scripts/Drop.cs using Guid(5d333bfabef6a71449ea3f85ebf2201b) Importer(815301076,1909f56bfc062723c751e8b465ee728b)  -> (artifact id: '300fdb2047c63683d5710796d3ae440a') in 0.017122 seconds
  Import took 0.022403 seconds .

========================================================================
Received Import Request.
  Time since last request: 0.003890 seconds.
  path: Assets/Scripts/Drop.cs
  artifactKey: Guid(5d333bfabef6a71449ea3f85ebf2201b) Importer(815301076,1909f56bfc062723c751e8b465ee728b)
Start importing Assets/Scripts/Drop.cs using Guid(5d333bfabef6a71449ea3f85ebf2201b) Importer(815301076,1909f56bfc062723c751e8b465ee728b)  -> (artifact id: '300fdb2047c63683d5710796d3ae440a') in 0.002847 seconds
  Import took 0.006839 seconds .

========================================================================
Received Prepare
Registering precompiled user dll's ...
Registered in 0.000693 seconds.
Begin MonoManager ReloadAssembly
Native extension for WindowsStandalone target not found
Refreshing native plugins compatible for Editor in 0.41 ms, found 0 plugins.
Preloading 0 native plugins for Editor in 0.00 ms.
Mono: successfully reloaded assembly
- Completed reload, in  0.713 seconds
Platform modules already initialized, skipping
Shader 'Universal Render Pipeline/Particles/Lit': fallback shader 'Universal Render Pipeline/Particles/SimpleLit' not found
Refreshing native plugins compatible for Editor in 0.60 ms, found 0 plugins.
Preloading 0 native plugins for Editor in 0.00 ms.
Unloading 2404 Unused Serialized files (Serialized files now loaded: 0)
System memory in use before: 121.3 MB.
System memory in use after: 121.5 MB.

Unloading 6 unused Assets to reduce memory usage. Loaded Objects now: 3113.
Total: 2.271600 ms (FindLiveObjects: 0.355600 ms CreateObjectMapping: 0.124800 ms MarkObjects: 1.714600 ms  DeleteObjects: 0.075600 ms)

========================================================================
Received Import Request.
  Time since last request: 290.284266 seconds.
  path: Assets/Scenes/SampleScene
  artifactKey: Guid(8c853e21e7a1f5b40ac561af554f7345) Importer(815301076,1909f56bfc062723c751e8b465ee728b)
Start importing Assets/Scenes/SampleScene using Guid(8c853e21e7a1f5b40ac561af554f7345) Importer(815301076,1909f56bfc062723c751e8b465ee728b)  -> (artifact id: '44333844b902297d7c8575f8aa017820') in 0.008875 seconds
  Import took 0.012661 seconds .

========================================================================
Received Prepare
Registering precompiled user dll's ...
Registered in 0.000790 seconds.
Begin MonoManager ReloadAssembly
Native extension for WindowsStandalone target not found
Refreshing native plugins compatible for Editor in 0.41 ms, found 0 plugins.
Preloading 0 native plugins for Editor in 0.00 ms.
Mono: successfully reloaded assembly
- Completed reload, in  0.704 seconds
Platform modules already initialized, skipping
Shader 'Universal Render Pipeline/Particles/Lit': fallback shader 'Universal Render Pipeline/Particles/SimpleLit' not found
Refreshing native plugins compatible for Editor in 0.39 ms, found 0 plugins.
Preloading 0 native plugins for Editor in 0.00 ms.
Unloading 2404 Unused Serialized files (Serialized files now loaded: 0)
System memory in use before: 121.4 MB.
System memory in use after: 121.6 MB.

Unloading 6 unused Assets to reduce memory usage. Loaded Objects now: 3116.
Total: 2.245200 ms (FindLiveObjects: 0.195300 ms CreateObjectMapping: 0.083100 ms MarkObjects: 1.907500 ms  DeleteObjects: 0.058400 ms)

AssetImportWorkerClient::OnTransportError - code=2 error=End of file
